[debug] [2024-01-29T19:56:33.496Z] ----------------------------------------------------------------------
[debug] [2024-01-29T19:56:33.498Z] Command:       E:\Archivos de programa\Workspace\Node\node.exe C:\Users\rafae\AppData\Roaming\npm\node_modules\firebase-tools\lib\bin\firebase.js init
[debug] [2024-01-29T19:56:33.498Z] CLI Version:   13.1.0
[debug] [2024-01-29T19:56:33.499Z] Platform:      win32
[debug] [2024-01-29T19:56:33.499Z] Node Version:  v20.9.0
[debug] [2024-01-29T19:56:33.499Z] Time:          Mon Jan 29 2024 20:56:33 GMT+0100 (hora estándar de Europa central)
[debug] [2024-01-29T19:56:33.499Z] ----------------------------------------------------------------------
[debug] 
[debug] [2024-01-29T19:56:33.504Z] > command requires scopes: ["email","openid","https://www.googleapis.com/auth/cloudplatformprojects.readonly","https://www.googleapis.com/auth/firebase","https://www.googleapis.com/auth/cloud-platform"]
[debug] [2024-01-29T19:56:33.504Z] > authorizing via signed-in user (rafaeljoseossoriolopez@gmail.com)
[info] 
     ######## #### ########  ######## ########     ###     ######  ########
     ##        ##  ##     ## ##       ##     ##  ##   ##  ##       ##
     ######    ##  ########  ######   ########  #########  ######  ######
     ##        ##  ##    ##  ##       ##     ## ##     ##       ## ##
     ##       #### ##     ## ######## ########  ##     ##  ######  ########

You're about to initialize a Firebase project in this directory:

  C:\Users\rafae\Downloads\Programacion\Mis Proyectos\eleskyrepo

[info] 
=== Project Setup
[info] 
[info] First, let's associate this project directory with a Firebase project.
[info] You can create multiple project aliases by running firebase use --add, 
[info] but for now we'll just set up a default project.
[info] 
[debug] [2024-01-29T19:57:10.416Z] > refreshing access token with scopes: []
[debug] [2024-01-29T19:57:10.418Z] >>> [apiv2][query] POST https://www.googleapis.com/oauth2/v3/token [none]
[debug] [2024-01-29T19:57:10.418Z] >>> [apiv2][body] POST https://www.googleapis.com/oauth2/v3/token [omitted]
[debug] [2024-01-29T19:57:10.589Z] <<< [apiv2][status] POST https://www.googleapis.com/oauth2/v3/token 200
[debug] [2024-01-29T19:57:10.589Z] <<< [apiv2][body] POST https://www.googleapis.com/oauth2/v3/token [omitted]
[debug] [2024-01-29T19:57:10.610Z] >>> [apiv2][query] GET https://firebase.googleapis.com/v1beta1/projects pageSize=100
[debug] [2024-01-29T19:57:11.032Z] <<< [apiv2][status] GET https://firebase.googleapis.com/v1beta1/projects 200
[debug] [2024-01-29T19:57:11.032Z] <<< [apiv2][body] GET https://firebase.googleapis.com/v1beta1/projects [omitted]
[info] i  Using project eleskyrepo (eleskyRepo) 
[info] 
=== Hosting Setup
[debug] [2024-01-29T19:57:13.507Z] >>> [apiv2][query] GET https://firebase.googleapis.com/v1beta1/projects/eleskyrepo [none]
[debug] [2024-01-29T19:57:13.705Z] <<< [apiv2][status] GET https://firebase.googleapis.com/v1beta1/projects/eleskyrepo 200
[debug] [2024-01-29T19:57:13.705Z] <<< [apiv2][body] GET https://firebase.googleapis.com/v1beta1/projects/eleskyrepo {"projectId":"eleskyrepo","projectNumber":"390599492204","displayName":"eleskyRepo","name":"projects/eleskyrepo","resources":{"hostingSite":"eleskyrepo","storageBucket":"eleskyrepo.appspot.com","locationId":"europe-west"},"state":"ACTIVE","etag":"1_92acd13a-2927-48e3-bd04-1e6a947148be"}
[info] 
[info] Your public directory is the folder (relative to your project directory) that
[info] will contain Hosting assets to be uploaded with firebase deploy. If you
[info] have a build process for your assets, use your build's output directory.
[info] 
[info] +  Wrote build/404.html 
[debug] [2024-01-29T19:57:39.632Z] >>> [apiv2][query] GET https://www.gstatic.com/firebasejs/releases.json [none]
[debug] [2024-01-29T19:57:39.732Z] <<< [apiv2][status] GET https://www.gstatic.com/firebasejs/releases.json 200
[debug] [2024-01-29T19:57:39.733Z] <<< [apiv2][body] GET https://www.gstatic.com/firebasejs/releases.json {"current":{"version":"10.7.2","browserURL":"https://www.gstatic.com/firebasejs/10.7.2/firebase.js","packageURL":"https://www.gstatic.com/firebasejs/10.7.2/firebase.tgz"},"live":{"version":"10.7","browserURL":"https://www.gstatic.com/firebasejs/live/10.7/firebase.js","packageURL":"https://www.gstatic.com/firebasejs/live/10.7/firebase.tgz"},"components":{"analytics":"https://www.gstatic.com/firebasejs/10.7.2/firebase-analytics.js","app":"https://www.gstatic.com/firebasejs/10.7.2/firebase-app.js","app-check":"https://www.gstatic.com/firebasejs/10.7.2/firebase-app-check.js","auth":"https://www.gstatic.com/firebasejs/10.7.2/firebase-auth.js","auth/cordova":"https://www.gstatic.com/firebasejs/10.7.2/firebase-auth/cordova.js","functions":"https://www.gstatic.com/firebasejs/10.7.2/firebase-functions.js","firestore":"https://www.gstatic.com/firebasejs/10.7.2/firebase-firestore.js","firestore/lite":"https://www.gstatic.com/firebasejs/10.7.2/firebase-firestore/lite.js","installations":"https://www.gstatic.com/firebasejs/10.7.2/firebase-installations.js","storage":"https://www.gstatic.com/firebasejs/10.7.2/firebase-storage.js","performance":"https://www.gstatic.com/firebasejs/10.7.2/firebase-performance.js","remote-config":"https://www.gstatic.com/firebasejs/10.7.2/firebase-remote-config.js","messaging":"https://www.gstatic.com/firebasejs/10.7.2/firebase-messaging.js","messaging/sw":"https://www.gstatic.com/firebasejs/10.7.2/firebase-messaging/sw.js","database":"https://www.gstatic.com/firebasejs/10.7.2/firebase-database.js","firestore.memory":"https://www.gstatic.com/firebasejs/10.7.2/firebase-firestore.memory.js"}}
[info] i  Skipping write of build/index.html 
[info] 
[info] i  Detected a .git folder at C:\Users\rafae\Downloads\Programacion\Mis Proyectos\eleskyrepo 
[info] i  Authorizing with GitHub to upload your service account to a GitHub repository's secrets store. 
[info] 
[info] Visit this URL on this device to log in:
[info] https://github.com/login/oauth/authorize?client_id=89cf50f02ac6aaed3484&state=735883765&redirect_uri=http%3A%2F%2Flocalhost%3A9005&scope=read%3Auser%20repo%20public_repo
[info] 
[info] Waiting for authentication...
[debug] [2024-01-29T19:58:37.709Z] >>> [apiv2][query] POST https://github.com/login/oauth/access_token [none]
[debug] [2024-01-29T19:58:37.709Z] >>> [apiv2][body] POST https://github.com/login/oauth/access_token [stream]
[debug] [2024-01-29T19:58:38.024Z] <<< [apiv2][status] POST https://github.com/login/oauth/access_token 200
[debug] [2024-01-29T19:58:38.025Z] <<< [apiv2][body] POST https://github.com/login/oauth/access_token {"access_token":"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","token_type":"bearer","scope":"read:user,repo"}
[debug] [2024-01-29T19:58:38.036Z] >>> [apiv2][query] GET https://api.github.com/user [none]
[debug] [2024-01-29T19:58:38.366Z] <<< [apiv2][status] GET https://api.github.com/user 200
[debug] [2024-01-29T19:58:38.366Z] <<< [apiv2][body] GET https://api.github.com/user {"login":"RafaelJoseOL","id":27139166,"node_id":"MDQ6VXNlcjI3MTM5MTY2","avatar_url":"https://avatars.githubusercontent.com/u/27139166?v=4","gravatar_id":"","url":"https://api.github.com/users/RafaelJoseOL","html_url":"https://github.com/RafaelJoseOL","followers_url":"https://api.github.com/users/RafaelJoseOL/followers","following_url":"https://api.github.com/users/RafaelJoseOL/following{/other_user}","gists_url":"https://api.github.com/users/RafaelJoseOL/gists{/gist_id}","starred_url":"https://api.github.com/users/RafaelJoseOL/starred{/owner}{/repo}","subscriptions_url":"https://api.github.com/users/RafaelJoseOL/subscriptions","organizations_url":"https://api.github.com/users/RafaelJoseOL/orgs","repos_url":"https://api.github.com/users/RafaelJoseOL/repos","events_url":"https://api.github.com/users/RafaelJoseOL/events{/privacy}","received_events_url":"https://api.github.com/users/RafaelJoseOL/received_events","type":"User","site_admin":false,"name":"Rafael José Ossorio López","company":null,"blog":"","location":null,"email":"rafaeljoseossoriolopez@gmail.com","hireable":null,"bio":null,"twitter_username":null,"public_repos":19,"public_gists":0,"followers":1,"following":0,"created_at":"2017-04-09T11:36:15Z","updated_at":"2024-01-29T19:54:13Z","private_gists":0,"total_private_repos":0,"owned_private_repos":0,"disk_usage":29091,"collaborators":0,"two_factor_authentication":false,"plan":{"name":"free","space":976562499,"collaborators":0,"private_repos":10000}}
[info] 
[info] +  Success! Logged into GitHub as RafaelJoseOL 
[info] 
